[2025-04-29 08:31:11Z INFO HostContext] No proxy settings were found based on environmental variables (http_proxy/https_proxy/HTTP_PROXY/HTTPS_PROXY)
[2025-04-29 08:31:11Z INFO HostContext] Well known directory 'Bin': '/Users/naheesu/Documents/KakaoCloudBootcamp/blue_green_deploy/actions-runner/bin'
[2025-04-29 08:31:11Z INFO HostContext] Well known directory 'Root': '/Users/naheesu/Documents/KakaoCloudBootcamp/blue_green_deploy/actions-runner'
[2025-04-29 08:31:11Z INFO HostContext] Well known config file 'Credentials': '/Users/naheesu/Documents/KakaoCloudBootcamp/blue_green_deploy/actions-runner/.credentials'
[2025-04-29 08:31:11Z INFO HostContext] Well known directory 'Bin': '/Users/naheesu/Documents/KakaoCloudBootcamp/blue_green_deploy/actions-runner/bin'
[2025-04-29 08:31:11Z INFO HostContext] Well known directory 'Root': '/Users/naheesu/Documents/KakaoCloudBootcamp/blue_green_deploy/actions-runner'
[2025-04-29 08:31:11Z INFO HostContext] Well known config file 'Runner': '/Users/naheesu/Documents/KakaoCloudBootcamp/blue_green_deploy/actions-runner/.runner'
[2025-04-29 08:31:11Z INFO Listener] Runner is built for OSX (Arm64) - osx-arm64.
[2025-04-29 08:31:11Z INFO Listener] RuntimeInformation: Darwin 24.4.0 Darwin Kernel Version 24.4.0: Wed Mar 19 21:16:34 PDT 2025; root:xnu-11417.101.15~1/RELEASE_ARM64_T6000.
[2025-04-29 08:31:11Z INFO Listener] Version: 2.323.0
[2025-04-29 08:31:11Z INFO Listener] Commit: d8b82f44a9ec0258904d5869ae683c31d5aac299
[2025-04-29 08:31:11Z INFO Listener] Culture: ko-KR
[2025-04-29 08:31:11Z INFO Listener] UI Culture: ko-KR
[2025-04-29 08:31:11Z INFO HostContext] Well known directory 'Bin': '/Users/naheesu/Documents/KakaoCloudBootcamp/blue_green_deploy/actions-runner/bin'
[2025-04-29 08:31:11Z INFO HostContext] Well known directory 'Root': '/Users/naheesu/Documents/KakaoCloudBootcamp/blue_green_deploy/actions-runner'
[2025-04-29 08:31:11Z INFO Listener] Validating directory permissions for: '/Users/naheesu/Documents/KakaoCloudBootcamp/blue_green_deploy/actions-runner'
[2025-04-29 08:31:11Z INFO CommandLineParser] Parse
[2025-04-29 08:31:11Z INFO CommandLineParser] Parsing 5 args
[2025-04-29 08:31:11Z INFO CommandLineParser] parsing argument
[2025-04-29 08:31:11Z INFO CommandLineParser] HasArgs: False
[2025-04-29 08:31:11Z INFO CommandLineParser] Adding Command: configure
[2025-04-29 08:31:11Z INFO CommandLineParser] parsing argument
[2025-04-29 08:31:11Z INFO CommandLineParser] HasArgs: True
[2025-04-29 08:31:11Z INFO CommandLineParser] arg: url
[2025-04-29 08:31:11Z INFO CommandLineParser] parsing argument
[2025-04-29 08:31:11Z INFO CommandLineParser] HasArgs: True
[2025-04-29 08:31:11Z INFO CommandLineParser] Adding option 'url': 'https://github.com/naGGuri/Github_Action_Test'
[2025-04-29 08:31:11Z INFO CommandLineParser] parsing argument
[2025-04-29 08:31:11Z INFO CommandLineParser] HasArgs: True
[2025-04-29 08:31:11Z INFO CommandLineParser] arg: token
[2025-04-29 08:31:11Z INFO CommandLineParser] parsing argument
[2025-04-29 08:31:11Z INFO CommandLineParser] HasArgs: True
[2025-04-29 08:31:11Z INFO CommandLineParser] Adding option 'token': '***'
[2025-04-29 08:31:11Z INFO Listener] Arguments parsed
[2025-04-29 08:31:11Z INFO Runner] ExecuteCommand
[2025-04-29 08:31:11Z INFO ConfigurationStore] currentAssemblyLocation: /Users/naheesu/Documents/KakaoCloudBootcamp/blue_green_deploy/actions-runner/bin/Runner.Listener.dll
[2025-04-29 08:31:11Z INFO HostContext] Well known directory 'Bin': '/Users/naheesu/Documents/KakaoCloudBootcamp/blue_green_deploy/actions-runner/bin'
[2025-04-29 08:31:11Z INFO ConfigurationStore] binPath: /Users/naheesu/Documents/KakaoCloudBootcamp/blue_green_deploy/actions-runner/bin
[2025-04-29 08:31:11Z INFO HostContext] Well known directory 'Bin': '/Users/naheesu/Documents/KakaoCloudBootcamp/blue_green_deploy/actions-runner/bin'
[2025-04-29 08:31:11Z INFO HostContext] Well known directory 'Root': '/Users/naheesu/Documents/KakaoCloudBootcamp/blue_green_deploy/actions-runner'
[2025-04-29 08:31:11Z INFO ConfigurationStore] RootFolder: /Users/naheesu/Documents/KakaoCloudBootcamp/blue_green_deploy/actions-runner
[2025-04-29 08:31:11Z INFO HostContext] Well known directory 'Bin': '/Users/naheesu/Documents/KakaoCloudBootcamp/blue_green_deploy/actions-runner/bin'
[2025-04-29 08:31:11Z INFO HostContext] Well known directory 'Root': '/Users/naheesu/Documents/KakaoCloudBootcamp/blue_green_deploy/actions-runner'
[2025-04-29 08:31:11Z INFO HostContext] Well known config file 'Runner': '/Users/naheesu/Documents/KakaoCloudBootcamp/blue_green_deploy/actions-runner/.runner'
[2025-04-29 08:31:11Z INFO ConfigurationStore] ConfigFilePath: /Users/naheesu/Documents/KakaoCloudBootcamp/blue_green_deploy/actions-runner/.runner
[2025-04-29 08:31:11Z INFO HostContext] Well known directory 'Bin': '/Users/naheesu/Documents/KakaoCloudBootcamp/blue_green_deploy/actions-runner/bin'
[2025-04-29 08:31:11Z INFO HostContext] Well known directory 'Root': '/Users/naheesu/Documents/KakaoCloudBootcamp/blue_green_deploy/actions-runner'
[2025-04-29 08:31:11Z INFO HostContext] Well known config file 'MigratedRunner': '/Users/naheesu/Documents/KakaoCloudBootcamp/blue_green_deploy/actions-runner/.runner_migrated'
[2025-04-29 08:31:11Z INFO ConfigurationStore] MigratedConfigFilePath: /Users/naheesu/Documents/KakaoCloudBootcamp/blue_green_deploy/actions-runner/.runner_migrated
[2025-04-29 08:31:11Z INFO HostContext] Well known directory 'Bin': '/Users/naheesu/Documents/KakaoCloudBootcamp/blue_green_deploy/actions-runner/bin'
[2025-04-29 08:31:11Z INFO HostContext] Well known directory 'Root': '/Users/naheesu/Documents/KakaoCloudBootcamp/blue_green_deploy/actions-runner'
[2025-04-29 08:31:11Z INFO HostContext] Well known config file 'Credentials': '/Users/naheesu/Documents/KakaoCloudBootcamp/blue_green_deploy/actions-runner/.credentials'
[2025-04-29 08:31:11Z INFO ConfigurationStore] CredFilePath: /Users/naheesu/Documents/KakaoCloudBootcamp/blue_green_deploy/actions-runner/.credentials
[2025-04-29 08:31:11Z INFO HostContext] Well known directory 'Bin': '/Users/naheesu/Documents/KakaoCloudBootcamp/blue_green_deploy/actions-runner/bin'
[2025-04-29 08:31:11Z INFO HostContext] Well known directory 'Root': '/Users/naheesu/Documents/KakaoCloudBootcamp/blue_green_deploy/actions-runner'
[2025-04-29 08:31:11Z INFO HostContext] Well known config file 'MigratedCredentials': '/Users/naheesu/Documents/KakaoCloudBootcamp/blue_green_deploy/actions-runner/.credentials_migrated'
[2025-04-29 08:31:11Z INFO ConfigurationStore] MigratedCredFilePath: /Users/naheesu/Documents/KakaoCloudBootcamp/blue_green_deploy/actions-runner/.credentials_migrated
[2025-04-29 08:31:11Z INFO HostContext] Well known directory 'Bin': '/Users/naheesu/Documents/KakaoCloudBootcamp/blue_green_deploy/actions-runner/bin'
[2025-04-29 08:31:11Z INFO HostContext] Well known directory 'Root': '/Users/naheesu/Documents/KakaoCloudBootcamp/blue_green_deploy/actions-runner'
[2025-04-29 08:31:11Z INFO HostContext] Well known config file 'Service': '/Users/naheesu/Documents/KakaoCloudBootcamp/blue_green_deploy/actions-runner/.service'
[2025-04-29 08:31:11Z INFO ConfigurationStore] ServiceConfigFilePath: /Users/naheesu/Documents/KakaoCloudBootcamp/blue_green_deploy/actions-runner/.service
[2025-04-29 08:31:11Z INFO CommandSettings] Flag 'help': 'False'
[2025-04-29 08:31:11Z INFO CommandSettings] Flag 'version': 'False'
[2025-04-29 08:31:11Z INFO CommandSettings] Flag 'commit': 'False'
[2025-04-29 08:31:11Z INFO CommandSettings] Flag 'check': 'False'
[2025-04-29 08:31:11Z INFO CommandSettings] Command 'configure': 'True'
[2025-04-29 08:31:11Z INFO Terminal] WRITE LINE: 
[2025-04-29 08:31:11Z INFO Terminal] WRITE LINE: --------------------------------------------------------------------------------
[2025-04-29 08:31:11Z INFO Terminal] WRITE LINE: |        ____ _ _   _   _       _          _        _   _                      |
[2025-04-29 08:31:11Z INFO Terminal] WRITE LINE: |       / ___(_) |_| | | |_   _| |__      / \   ___| |_(_) ___  _ __  ___      |
[2025-04-29 08:31:11Z INFO Terminal] WRITE LINE: |      | |  _| | __| |_| | | | | '_ \    / _ \ / __| __| |/ _ \| '_ \/ __|     |
[2025-04-29 08:31:11Z INFO Terminal] WRITE LINE: |      | |_| | | |_|  _  | |_| | |_) |  / ___ \ (__| |_| | (_) | | | \__ \     |
[2025-04-29 08:31:11Z INFO Terminal] WRITE LINE: |       \____|_|\__|_| |_|\__,_|_.__/  /_/   \_\___|\__|_|\___/|_| |_|___/     |
[2025-04-29 08:31:11Z INFO Terminal] WRITE LINE: |                                                                              |
[2025-04-29 08:31:11Z INFO Terminal] WRITE: |                       
[2025-04-29 08:31:11Z INFO Terminal] WRITE: Self-hosted runner registration
[2025-04-29 08:31:11Z INFO Terminal] WRITE LINE:                         |
[2025-04-29 08:31:11Z INFO Terminal] WRITE LINE: |                                                                              |
[2025-04-29 08:31:11Z INFO Terminal] WRITE LINE: --------------------------------------------------------------------------------
[2025-04-29 08:31:11Z INFO ConfigurationManager] ConfigureAsync
[2025-04-29 08:31:11Z INFO CommandSettings] Flag 'generateServiceConfig': 'False'
[2025-04-29 08:31:11Z INFO ConfigurationStore] IsConfigured()
[2025-04-29 08:31:11Z INFO ConfigurationStore] IsConfigured: False
[2025-04-29 08:31:11Z INFO ConfigurationManager] Is configured: False
[2025-04-29 08:31:11Z INFO CommandSettings] Arg 'url': 'https://github.com/naGGuri/Github_Action_Test'
[2025-04-29 08:31:11Z INFO CommandSettings] Remove url from Arg dictionary.
[2025-04-29 08:31:11Z INFO CommandSettings] Arg 'token': '***'
[2025-04-29 08:31:11Z INFO CommandSettings] Remove token from Arg dictionary.
[2025-04-29 08:31:12Z INFO ConfigurationManager] Http response code: OK from 'POST https://api.github.com/actions/runner-registration' (CBF4:1E6C3F:4004DD:59540D:68108E4F)
[2025-04-29 08:31:12Z INFO ConfigurationManager] Using V2 flow: False
[2025-04-29 08:31:12Z INFO ConfigurationManager] cred retrieved via GitHub auth
[2025-04-29 08:31:12Z INFO RunnerServer] EstablishVssConnection
[2025-04-29 08:31:12Z INFO RunnerServer] Establish connection with 100 seconds timeout.
[2025-04-29 08:31:12Z INFO GitHubActionsService] Starting operation Location.GetConnectionData
[2025-04-29 08:31:12Z INFO RunnerServer] EstablishVssConnection
[2025-04-29 08:31:12Z INFO RunnerServer] Establish connection with 60 seconds timeout.
[2025-04-29 08:31:12Z INFO GitHubActionsService] Starting operation Location.GetConnectionData
[2025-04-29 08:31:12Z INFO RunnerServer] EstablishVssConnection
[2025-04-29 08:31:12Z INFO RunnerServer] Establish connection with 60 seconds timeout.
[2025-04-29 08:31:12Z INFO GitHubActionsService] Starting operation Location.GetConnectionData
[2025-04-29 08:31:13Z INFO GitHubActionsService] Finished operation Location.GetConnectionData
[2025-04-29 08:31:13Z INFO GitHubActionsService] Finished operation Location.GetConnectionData
[2025-04-29 08:31:15Z INFO GitHubActionsService] Finished operation Location.GetConnectionData
[2025-04-29 08:31:15Z INFO Terminal] WRITE LINE: 
[2025-04-29 08:31:15Z INFO ConfigurationManager] Test Connection complete.
[2025-04-29 08:31:15Z INFO HostContext] Well known directory 'Bin': '/Users/naheesu/Documents/KakaoCloudBootcamp/blue_green_deploy/actions-runner/bin'
[2025-04-29 08:31:15Z INFO HostContext] Well known directory 'Root': '/Users/naheesu/Documents/KakaoCloudBootcamp/blue_green_deploy/actions-runner'
[2025-04-29 08:31:15Z INFO HostContext] Well known config file 'RSACredentials': '/Users/naheesu/Documents/KakaoCloudBootcamp/blue_green_deploy/actions-runner/.credentials_rsaparams'
[2025-04-29 08:31:15Z INFO RSAFileKeyManager] Creating new RSA key using 2048-bit key length
[2025-04-29 08:31:15Z INFO RSAFileKeyManager] Successfully saved RSA key parameters to file /Users/naheesu/Documents/KakaoCloudBootcamp/blue_green_deploy/actions-runner/.credentials_rsaparams
[2025-04-29 08:31:15Z INFO RSAFileKeyManager] Which2: 'chmod'
[2025-04-29 08:31:15Z INFO RSAFileKeyManager] Location: '/bin/chmod'
[2025-04-29 08:31:15Z INFO HostContext] Well known directory 'Bin': '/Users/naheesu/Documents/KakaoCloudBootcamp/blue_green_deploy/actions-runner/bin'
[2025-04-29 08:31:15Z INFO HostContext] Well known directory 'Root': '/Users/naheesu/Documents/KakaoCloudBootcamp/blue_green_deploy/actions-runner'
[2025-04-29 08:31:15Z INFO ProcessInvokerWrapper] Starting process:
[2025-04-29 08:31:15Z INFO ProcessInvokerWrapper]   File name: '/bin/chmod'
[2025-04-29 08:31:15Z INFO ProcessInvokerWrapper]   Arguments: '600 /Users/naheesu/Documents/KakaoCloudBootcamp/blue_green_deploy/actions-runner/.credentials_rsaparams'
[2025-04-29 08:31:15Z INFO ProcessInvokerWrapper]   Working directory: '/Users/naheesu/Documents/KakaoCloudBootcamp/blue_green_deploy/actions-runner'
[2025-04-29 08:31:15Z INFO ProcessInvokerWrapper]   Require exit code zero: 'False'
[2025-04-29 08:31:15Z INFO ProcessInvokerWrapper]   Encoding web name:  ; code page: ''
[2025-04-29 08:31:15Z INFO ProcessInvokerWrapper]   Force kill process on cancellation: 'False'
[2025-04-29 08:31:15Z INFO ProcessInvokerWrapper]   Redirected STDIN: 'False'
[2025-04-29 08:31:15Z INFO ProcessInvokerWrapper]   Persist current code page: 'False'
[2025-04-29 08:31:15Z INFO ProcessInvokerWrapper]   Keep redirected STDIN open: 'False'
[2025-04-29 08:31:15Z INFO ProcessInvokerWrapper]   High priority process: 'False'
[2025-04-29 08:31:15Z INFO ProcessInvokerWrapper] Process started with process id 63154, waiting for process exit.
[2025-04-29 08:31:15Z INFO ProcessInvokerWrapper] STDOUT/STDERR stream read finished.
[2025-04-29 08:31:15Z INFO ProcessInvokerWrapper] STDOUT/STDERR stream read finished.
[2025-04-29 08:31:15Z INFO ProcessInvokerWrapper] Finished process 63154 with exit code 0, and elapsed time 00:00:00.0310960.
[2025-04-29 08:31:15Z INFO RSAFileKeyManager] Successfully set permissions for RSA key parameters file /Users/naheesu/Documents/KakaoCloudBootcamp/blue_green_deploy/actions-runner/.credentials_rsaparams
[2025-04-29 08:31:15Z INFO CommandSettings] Arg 'runnergroup': ''
[2025-04-29 08:31:15Z INFO CommandSettings] Flag 'unattended': 'False'
[2025-04-29 08:31:15Z INFO PromptManager] ReadValue
[2025-04-29 08:31:15Z INFO Terminal] WRITE: Enter the name of the runner group to add this runner to: 
[2025-04-29 08:31:15Z INFO Terminal] WRITE: [press Enter for Default] 
[2025-04-29 08:31:15Z INFO Terminal] READ LINE
[2025-04-29 08:31:22Z INFO Terminal] Read value: ''
[2025-04-29 08:31:22Z INFO PromptManager] Falling back to the default: 'Default'
[2025-04-29 08:31:22Z INFO Terminal] WRITE LINE: 
[2025-04-29 08:31:22Z INFO ConfigurationManager] Found a self-hosted runner group with id 1 and name Default
[2025-04-29 08:31:22Z INFO CommandSettings] Flag 'disableupdate': 'False'
[2025-04-29 08:31:22Z INFO CommandSettings] Flag 'ephemeral': 'False'
[2025-04-29 08:31:22Z INFO CommandSettings] Arg 'name': ''
[2025-04-29 08:31:22Z INFO CommandSettings] Flag 'unattended': 'False'
[2025-04-29 08:31:22Z INFO PromptManager] ReadValue
[2025-04-29 08:31:22Z INFO Terminal] WRITE: Enter the name of runner: 
[2025-04-29 08:31:22Z INFO Terminal] WRITE: [press Enter for NaheesuMacBook] 
[2025-04-29 08:31:22Z INFO Terminal] READ LINE
[2025-04-29 08:31:26Z INFO Terminal] Read value: ''
[2025-04-29 08:31:26Z INFO PromptManager] Falling back to the default: 'NaheesuMacBook'
[2025-04-29 08:31:26Z INFO Terminal] WRITE LINE: 
[2025-04-29 08:31:26Z INFO CommandSettings] Arg 'labels': ''
[2025-04-29 08:31:26Z INFO CommandSettings] Flag 'unattended': 'False'
[2025-04-29 08:31:26Z INFO PromptManager] ReadValue
[2025-04-29 08:31:26Z INFO Terminal] WRITE: This runner will have the following labels: 'self-hosted', 'macOS', 'ARM64' 
Enter any additional labels (ex. label-1,label-2): 
[2025-04-29 08:31:26Z INFO Terminal] WRITE: [press Enter to skip] 
[2025-04-29 08:31:26Z INFO Terminal] READ LINE
[2025-04-29 08:31:29Z INFO Terminal] Read value: ''
[2025-04-29 08:31:29Z INFO Terminal] WRITE LINE: 
[2025-04-29 08:31:29Z INFO CommandSettings] Flag 'disableupdate': 'False'
[2025-04-29 08:31:29Z INFO CommandSettings] Flag 'no-default-labels': 'False'
[2025-04-29 08:31:29Z INFO CommandSettings] Flag 'disableupdate': 'False'
[2025-04-29 08:31:29Z INFO CommandSettings] Flag 'ephemeral': 'False'
[2025-04-29 08:31:29Z INFO ConfigurationStore] Saving OAuth credential @ /Users/naheesu/Documents/KakaoCloudBootcamp/blue_green_deploy/actions-runner/.credentials
[2025-04-29 08:31:29Z INFO ConfigurationStore] Credentials Saved.
[2025-04-29 08:31:29Z INFO ConfigurationStore] HasCredentials()
[2025-04-29 08:31:29Z INFO ConfigurationStore] stored True
[2025-04-29 08:31:29Z INFO CredentialManager] GetCredentialProvider
[2025-04-29 08:31:29Z INFO CredentialManager] Creating type OAuth
[2025-04-29 08:31:29Z INFO CredentialManager] Creating credential type: OAuth
[2025-04-29 08:31:29Z INFO RSAFileKeyManager] Loading RSA key parameters from file /Users/naheesu/Documents/KakaoCloudBootcamp/blue_green_deploy/actions-runner/.credentials_rsaparams
[2025-04-29 08:31:29Z INFO RunnerServer] EstablishVssConnection
[2025-04-29 08:31:29Z INFO RunnerServer] Establish connection with 100 seconds timeout.
[2025-04-29 08:31:29Z INFO GitHubActionsService] Starting operation Location.GetConnectionData
[2025-04-29 08:31:29Z INFO RunnerServer] EstablishVssConnection
[2025-04-29 08:31:29Z INFO RunnerServer] Establish connection with 60 seconds timeout.
[2025-04-29 08:31:29Z INFO GitHubActionsService] Starting operation Location.GetConnectionData
[2025-04-29 08:31:29Z INFO RunnerServer] EstablishVssConnection
[2025-04-29 08:31:29Z INFO RunnerServer] Establish connection with 60 seconds timeout.
[2025-04-29 08:31:29Z INFO GitHubActionsService] Starting operation Location.GetConnectionData
[2025-04-29 08:31:30Z INFO GitHubActionsService] Finished operation Location.GetConnectionData
[2025-04-29 08:31:30Z INFO GitHubActionsService] Finished operation Location.GetConnectionData
[2025-04-29 08:31:30Z INFO GitHubActionsService] Finished operation Location.GetConnectionData
[2025-04-29 08:31:31Z INFO RSAFileKeyManager] Loading RSA key parameters from file /Users/naheesu/Documents/KakaoCloudBootcamp/blue_green_deploy/actions-runner/.credentials_rsaparams
[2025-04-29 08:31:31Z INFO RSAFileKeyManager] Loading RSA key parameters from file /Users/naheesu/Documents/KakaoCloudBootcamp/blue_green_deploy/actions-runner/.credentials_rsaparams
[2025-04-29 08:31:31Z INFO GitHubActionsService] AAD Correlation ID for this token request: Unknown
[2025-04-29 08:31:32Z INFO CommandSettings] Arg 'work': ''
[2025-04-29 08:31:32Z INFO CommandSettings] Flag 'unattended': 'False'
[2025-04-29 08:31:32Z INFO PromptManager] ReadValue
[2025-04-29 08:31:32Z INFO Terminal] WRITE: Enter name of work folder: 
[2025-04-29 08:31:32Z INFO Terminal] WRITE: [press Enter for _work] 
[2025-04-29 08:31:32Z INFO Terminal] READ LINE
[2025-04-29 08:31:34Z INFO Terminal] Read value: ''
[2025-04-29 08:31:34Z INFO PromptManager] Falling back to the default: '_work'
[2025-04-29 08:31:34Z INFO ConfigurationStore] Saving runner settings.
[2025-04-29 08:31:34Z INFO ConfigurationStore] Settings Saved.
[2025-04-29 08:31:34Z INFO Terminal] WRITE LINE: 
[2025-04-29 08:31:34Z INFO Terminal] WRITE LINE: 
[2025-04-29 08:31:34Z INFO OsxServiceControlManager] Service name 'actions.runner.naGGuri-Github_Action_Test.NaheesuMacBook' display name 'GitHub Actions Runner (naGGuri-Github_Action_Test.NaheesuMacBook)' will be used for service configuration.
[2025-04-29 08:31:34Z INFO HostContext] Well known directory 'Bin': '/Users/naheesu/Documents/KakaoCloudBootcamp/blue_green_deploy/actions-runner/bin'
[2025-04-29 08:31:34Z INFO HostContext] Well known directory 'Root': '/Users/naheesu/Documents/KakaoCloudBootcamp/blue_green_deploy/actions-runner'
[2025-04-29 08:31:34Z INFO HostContext] Well known directory 'Bin': '/Users/naheesu/Documents/KakaoCloudBootcamp/blue_green_deploy/actions-runner/bin'
[2025-04-29 08:31:34Z INFO HostContext] Well known directory 'Bin': '/Users/naheesu/Documents/KakaoCloudBootcamp/blue_green_deploy/actions-runner/bin'
[2025-04-29 08:31:34Z INFO HostContext] Well known directory 'Root': '/Users/naheesu/Documents/KakaoCloudBootcamp/blue_green_deploy/actions-runner'
[2025-04-29 08:31:34Z INFO UnixUtil] Which2: 'chmod'
[2025-04-29 08:31:34Z INFO UnixUtil] Location: '/bin/chmod'
[2025-04-29 08:31:34Z INFO UnixUtil] Running /bin/chmod 755 "/Users/naheesu/Documents/KakaoCloudBootcamp/blue_green_deploy/actions-runner/svc.sh"
[2025-04-29 08:31:34Z INFO ProcessInvokerWrapper] Starting process:
[2025-04-29 08:31:34Z INFO ProcessInvokerWrapper]   File name: '/bin/chmod'
[2025-04-29 08:31:34Z INFO ProcessInvokerWrapper]   Arguments: '755 "/Users/naheesu/Documents/KakaoCloudBootcamp/blue_green_deploy/actions-runner/svc.sh"'
[2025-04-29 08:31:34Z INFO ProcessInvokerWrapper]   Working directory: '/Users/naheesu/Documents/KakaoCloudBootcamp/blue_green_deploy/actions-runner'
[2025-04-29 08:31:34Z INFO ProcessInvokerWrapper]   Require exit code zero: 'True'
[2025-04-29 08:31:34Z INFO ProcessInvokerWrapper]   Encoding web name:  ; code page: ''
[2025-04-29 08:31:34Z INFO ProcessInvokerWrapper]   Force kill process on cancellation: 'False'
[2025-04-29 08:31:34Z INFO ProcessInvokerWrapper]   Redirected STDIN: 'False'
[2025-04-29 08:31:34Z INFO ProcessInvokerWrapper]   Persist current code page: 'False'
[2025-04-29 08:31:34Z INFO ProcessInvokerWrapper]   Keep redirected STDIN open: 'False'
[2025-04-29 08:31:34Z INFO ProcessInvokerWrapper]   High priority process: 'False'
[2025-04-29 08:31:34Z INFO ProcessInvokerWrapper] Process started with process id 63264, waiting for process exit.
[2025-04-29 08:31:34Z INFO ProcessInvokerWrapper] STDOUT/STDERR stream read finished.
[2025-04-29 08:31:34Z INFO ProcessInvokerWrapper] STDOUT/STDERR stream read finished.
[2025-04-29 08:31:34Z INFO ProcessInvokerWrapper] Finished process 63264 with exit code 0, and elapsed time 00:00:00.0406534.
[2025-04-29 08:31:34Z INFO Listener] Runner execution has finished with return code 0
