[2025-04-29 08:31:37Z INFO HostContext] No proxy settings were found based on environmental variables (http_proxy/https_proxy/HTTP_PROXY/HTTPS_PROXY)
[2025-04-29 08:31:37Z INFO HostContext] Well known directory 'Bin': '/Users/naheesu/Documents/KakaoCloudBootcamp/blue_green_deploy/actions-runner/bin'
[2025-04-29 08:31:37Z INFO HostContext] Well known directory 'Root': '/Users/naheesu/Documents/KakaoCloudBootcamp/blue_green_deploy/actions-runner'
[2025-04-29 08:31:37Z INFO HostContext] Well known config file 'Credentials': '/Users/naheesu/Documents/KakaoCloudBootcamp/blue_green_deploy/actions-runner/.credentials'
[2025-04-29 08:31:37Z INFO HostContext] Well known directory 'Bin': '/Users/naheesu/Documents/KakaoCloudBootcamp/blue_green_deploy/actions-runner/bin'
[2025-04-29 08:31:37Z INFO HostContext] Well known directory 'Root': '/Users/naheesu/Documents/KakaoCloudBootcamp/blue_green_deploy/actions-runner'
[2025-04-29 08:31:37Z INFO HostContext] Well known config file 'Runner': '/Users/naheesu/Documents/KakaoCloudBootcamp/blue_green_deploy/actions-runner/.runner'
[2025-04-29 08:31:37Z INFO Listener] Runner is built for OSX (Arm64) - osx-arm64.
[2025-04-29 08:31:37Z INFO Listener] RuntimeInformation: Darwin 24.4.0 Darwin Kernel Version 24.4.0: Wed Mar 19 21:16:34 PDT 2025; root:xnu-11417.101.15~1/RELEASE_ARM64_T6000.
[2025-04-29 08:31:37Z INFO Listener] Version: 2.323.0
[2025-04-29 08:31:37Z INFO Listener] Commit: d8b82f44a9ec0258904d5869ae683c31d5aac299
[2025-04-29 08:31:37Z INFO Listener] Culture: ko-KR
[2025-04-29 08:31:37Z INFO Listener] UI Culture: ko-KR
[2025-04-29 08:31:37Z INFO HostContext] Well known directory 'Bin': '/Users/naheesu/Documents/KakaoCloudBootcamp/blue_green_deploy/actions-runner/bin'
[2025-04-29 08:31:37Z INFO HostContext] Well known directory 'Root': '/Users/naheesu/Documents/KakaoCloudBootcamp/blue_green_deploy/actions-runner'
[2025-04-29 08:31:37Z INFO Listener] Validating directory permissions for: '/Users/naheesu/Documents/KakaoCloudBootcamp/blue_green_deploy/actions-runner'
[2025-04-29 08:31:37Z INFO CommandLineParser] Parse
[2025-04-29 08:31:37Z INFO CommandLineParser] Parsing 1 args
[2025-04-29 08:31:37Z INFO CommandLineParser] parsing argument
[2025-04-29 08:31:37Z INFO CommandLineParser] HasArgs: False
[2025-04-29 08:31:37Z INFO CommandLineParser] Adding Command: run
[2025-04-29 08:31:37Z INFO Listener] Arguments parsed
[2025-04-29 08:31:37Z INFO Runner] ExecuteCommand
[2025-04-29 08:31:37Z INFO ConfigurationStore] currentAssemblyLocation: /Users/naheesu/Documents/KakaoCloudBootcamp/blue_green_deploy/actions-runner/bin/Runner.Listener.dll
[2025-04-29 08:31:37Z INFO HostContext] Well known directory 'Bin': '/Users/naheesu/Documents/KakaoCloudBootcamp/blue_green_deploy/actions-runner/bin'
[2025-04-29 08:31:37Z INFO ConfigurationStore] binPath: /Users/naheesu/Documents/KakaoCloudBootcamp/blue_green_deploy/actions-runner/bin
[2025-04-29 08:31:37Z INFO HostContext] Well known directory 'Bin': '/Users/naheesu/Documents/KakaoCloudBootcamp/blue_green_deploy/actions-runner/bin'
[2025-04-29 08:31:37Z INFO HostContext] Well known directory 'Root': '/Users/naheesu/Documents/KakaoCloudBootcamp/blue_green_deploy/actions-runner'
[2025-04-29 08:31:37Z INFO ConfigurationStore] RootFolder: /Users/naheesu/Documents/KakaoCloudBootcamp/blue_green_deploy/actions-runner
[2025-04-29 08:31:37Z INFO HostContext] Well known directory 'Bin': '/Users/naheesu/Documents/KakaoCloudBootcamp/blue_green_deploy/actions-runner/bin'
[2025-04-29 08:31:37Z INFO HostContext] Well known directory 'Root': '/Users/naheesu/Documents/KakaoCloudBootcamp/blue_green_deploy/actions-runner'
[2025-04-29 08:31:37Z INFO HostContext] Well known config file 'Runner': '/Users/naheesu/Documents/KakaoCloudBootcamp/blue_green_deploy/actions-runner/.runner'
[2025-04-29 08:31:37Z INFO ConfigurationStore] ConfigFilePath: /Users/naheesu/Documents/KakaoCloudBootcamp/blue_green_deploy/actions-runner/.runner
[2025-04-29 08:31:37Z INFO HostContext] Well known directory 'Bin': '/Users/naheesu/Documents/KakaoCloudBootcamp/blue_green_deploy/actions-runner/bin'
[2025-04-29 08:31:37Z INFO HostContext] Well known directory 'Root': '/Users/naheesu/Documents/KakaoCloudBootcamp/blue_green_deploy/actions-runner'
[2025-04-29 08:31:37Z INFO HostContext] Well known config file 'MigratedRunner': '/Users/naheesu/Documents/KakaoCloudBootcamp/blue_green_deploy/actions-runner/.runner_migrated'
[2025-04-29 08:31:37Z INFO ConfigurationStore] MigratedConfigFilePath: /Users/naheesu/Documents/KakaoCloudBootcamp/blue_green_deploy/actions-runner/.runner_migrated
[2025-04-29 08:31:37Z INFO HostContext] Well known directory 'Bin': '/Users/naheesu/Documents/KakaoCloudBootcamp/blue_green_deploy/actions-runner/bin'
[2025-04-29 08:31:37Z INFO HostContext] Well known directory 'Root': '/Users/naheesu/Documents/KakaoCloudBootcamp/blue_green_deploy/actions-runner'
[2025-04-29 08:31:37Z INFO HostContext] Well known config file 'Credentials': '/Users/naheesu/Documents/KakaoCloudBootcamp/blue_green_deploy/actions-runner/.credentials'
[2025-04-29 08:31:37Z INFO ConfigurationStore] CredFilePath: /Users/naheesu/Documents/KakaoCloudBootcamp/blue_green_deploy/actions-runner/.credentials
[2025-04-29 08:31:37Z INFO HostContext] Well known directory 'Bin': '/Users/naheesu/Documents/KakaoCloudBootcamp/blue_green_deploy/actions-runner/bin'
[2025-04-29 08:31:37Z INFO HostContext] Well known directory 'Root': '/Users/naheesu/Documents/KakaoCloudBootcamp/blue_green_deploy/actions-runner'
[2025-04-29 08:31:37Z INFO HostContext] Well known config file 'MigratedCredentials': '/Users/naheesu/Documents/KakaoCloudBootcamp/blue_green_deploy/actions-runner/.credentials_migrated'
[2025-04-29 08:31:37Z INFO ConfigurationStore] MigratedCredFilePath: /Users/naheesu/Documents/KakaoCloudBootcamp/blue_green_deploy/actions-runner/.credentials_migrated
[2025-04-29 08:31:37Z INFO HostContext] Well known directory 'Bin': '/Users/naheesu/Documents/KakaoCloudBootcamp/blue_green_deploy/actions-runner/bin'
[2025-04-29 08:31:37Z INFO HostContext] Well known directory 'Root': '/Users/naheesu/Documents/KakaoCloudBootcamp/blue_green_deploy/actions-runner'
[2025-04-29 08:31:37Z INFO HostContext] Well known config file 'Service': '/Users/naheesu/Documents/KakaoCloudBootcamp/blue_green_deploy/actions-runner/.service'
[2025-04-29 08:31:37Z INFO ConfigurationStore] ServiceConfigFilePath: /Users/naheesu/Documents/KakaoCloudBootcamp/blue_green_deploy/actions-runner/.service
[2025-04-29 08:31:37Z INFO CommandSettings] Flag 'help': 'False'
[2025-04-29 08:31:37Z INFO CommandSettings] Flag 'version': 'False'
[2025-04-29 08:31:37Z INFO CommandSettings] Flag 'commit': 'False'
[2025-04-29 08:31:37Z INFO CommandSettings] Flag 'check': 'False'
[2025-04-29 08:31:38Z INFO CommandSettings] Command 'configure': 'False'
[2025-04-29 08:31:38Z INFO CommandSettings] Command 'remove': 'False'
[2025-04-29 08:31:38Z INFO CommandSettings] Command 'warmup': 'False'
[2025-04-29 08:31:38Z INFO ConfigurationManager] LoadSettings
[2025-04-29 08:31:38Z INFO ConfigurationStore] IsConfigured()
[2025-04-29 08:31:38Z INFO ConfigurationStore] IsConfigured: True
[2025-04-29 08:31:38Z INFO ConfigurationManager] Is configured: True
[2025-04-29 08:31:38Z INFO ConfigurationStore] Read setting file: 306 chars
[2025-04-29 08:31:38Z INFO ConfigurationManager] Settings Loaded
[2025-04-29 08:31:38Z INFO ConfigurationStore] IsServiceConfigured()
[2025-04-29 08:31:38Z INFO ConfigurationStore] IsServiceConfigured: False
[2025-04-29 08:31:38Z INFO CommandSettings] Command 'run': 'True'
[2025-04-29 08:31:38Z INFO ConfigurationStore] IsConfigured()
[2025-04-29 08:31:38Z INFO ConfigurationStore] IsConfigured: True
[2025-04-29 08:31:38Z INFO ConfigurationManager] Is configured: True
[2025-04-29 08:31:38Z INFO Runner] Could not parse the argument value '' for StartupType. Defaulting to Manual
[2025-04-29 08:31:38Z INFO Runner] Set runner startup type - Manual
[2025-04-29 08:31:38Z INFO CommandSettings] Flag 'once': 'False'
[2025-04-29 08:31:38Z INFO CommandSettings] Flag 'once': 'False'
[2025-04-29 08:31:38Z INFO Runner] RunAsync
[2025-04-29 08:31:38Z INFO ConfigurationManager] LoadSettings
[2025-04-29 08:31:38Z INFO ConfigurationStore] IsConfigured()
[2025-04-29 08:31:38Z INFO ConfigurationStore] IsConfigured: True
[2025-04-29 08:31:38Z INFO ConfigurationManager] Is configured: True
[2025-04-29 08:31:38Z INFO ConfigurationManager] Settings Loaded
[2025-04-29 08:31:38Z INFO MessageListener] {
  "AgentId": 2,
  "AgentName": "NaheesuMacBook",
  "PoolId": 1,
  "PoolName": "Default",
  "ServerUrl": "https://pipelinesghubeus8.actions.githubusercontent.com/VHWVaxYCQAwG5ojvlhzfwGgLF9BM2xaFGlwykAEB7YAEqbHWqQ/",
  "GitHubUrl": "https://github.com/naGGuri/Github_Action_Test",
  "WorkFolder": "_work"
}
[2025-04-29 08:31:38Z INFO MessageListener] Loading Credentials
[2025-04-29 08:31:38Z INFO ConfigurationStore] HasCredentials()
[2025-04-29 08:31:38Z INFO ConfigurationStore] stored True
[2025-04-29 08:31:38Z INFO CredentialManager] GetCredentialProvider
[2025-04-29 08:31:38Z INFO CredentialManager] Creating type OAuth
[2025-04-29 08:31:38Z INFO CredentialManager] Creating credential type: OAuth
[2025-04-29 08:31:38Z INFO HostContext] Well known directory 'Bin': '/Users/naheesu/Documents/KakaoCloudBootcamp/blue_green_deploy/actions-runner/bin'
[2025-04-29 08:31:38Z INFO HostContext] Well known directory 'Root': '/Users/naheesu/Documents/KakaoCloudBootcamp/blue_green_deploy/actions-runner'
[2025-04-29 08:31:38Z INFO HostContext] Well known config file 'RSACredentials': '/Users/naheesu/Documents/KakaoCloudBootcamp/blue_green_deploy/actions-runner/.credentials_rsaparams'
[2025-04-29 08:31:38Z INFO RSAFileKeyManager] Loading RSA key parameters from file /Users/naheesu/Documents/KakaoCloudBootcamp/blue_green_deploy/actions-runner/.credentials_rsaparams
[2025-04-29 08:31:38Z INFO MessageListener] Attempt to create session.
[2025-04-29 08:31:38Z INFO MessageListener] Connecting to the Runner Server...
[2025-04-29 08:31:38Z INFO RunnerServer] EstablishVssConnection
[2025-04-29 08:31:38Z INFO RunnerServer] Establish connection with 100 seconds timeout.
[2025-04-29 08:31:38Z INFO GitHubActionsService] Starting operation Location.GetConnectionData
[2025-04-29 08:31:38Z INFO RunnerServer] EstablishVssConnection
[2025-04-29 08:31:38Z INFO RunnerServer] Establish connection with 60 seconds timeout.
[2025-04-29 08:31:38Z INFO GitHubActionsService] Starting operation Location.GetConnectionData
[2025-04-29 08:31:38Z INFO RunnerServer] EstablishVssConnection
[2025-04-29 08:31:38Z INFO RunnerServer] Establish connection with 60 seconds timeout.
[2025-04-29 08:31:38Z INFO GitHubActionsService] Starting operation Location.GetConnectionData
[2025-04-29 08:31:39Z INFO GitHubActionsService] Finished operation Location.GetConnectionData
[2025-04-29 08:31:39Z INFO GitHubActionsService] Finished operation Location.GetConnectionData
[2025-04-29 08:31:39Z INFO GitHubActionsService] Finished operation Location.GetConnectionData
[2025-04-29 08:31:39Z INFO MessageListener] VssConnection created
[2025-04-29 08:31:39Z INFO Terminal] WRITE LINE: 
[2025-04-29 08:31:39Z INFO Terminal] WRITE LINE: 
[2025-04-29 08:31:39Z INFO RSAFileKeyManager] Loading RSA key parameters from file /Users/naheesu/Documents/KakaoCloudBootcamp/blue_green_deploy/actions-runner/.credentials_rsaparams
[2025-04-29 08:31:39Z INFO RSAFileKeyManager] Loading RSA key parameters from file /Users/naheesu/Documents/KakaoCloudBootcamp/blue_green_deploy/actions-runner/.credentials_rsaparams
[2025-04-29 08:31:41Z INFO GitHubActionsService] AAD Correlation ID for this token request: Unknown
[2025-04-29 08:31:41Z INFO MessageListener] Session created.
[2025-04-29 08:31:41Z INFO Terminal] WRITE LINE: Current runner version: '2.323.0'
[2025-04-29 08:31:41Z INFO Terminal] WRITE LINE: 2025-04-29 08:31:41Z: Listening for Jobs
[2025-04-29 08:31:41Z INFO JobDispatcher] Set runner/worker IPC timeout to 30 seconds.
[2025-04-29 08:31:41Z INFO RSAFileKeyManager] Loading RSA key parameters from file /Users/naheesu/Documents/KakaoCloudBootcamp/blue_green_deploy/actions-runner/.credentials_rsaparams
[2025-04-29 08:31:43Z INFO GitHubActionsService] AAD Correlation ID for this token request: Unknown
[2025-04-29 08:34:58Z INFO MessageListener] Message '5768802189636450478' received from session 'f360e587-6228-4555-ba13-0dafe7f15419'.
[2025-04-29 08:34:58Z INFO ConfigurationStore] HasCredentials()
[2025-04-29 08:34:58Z INFO ConfigurationStore] stored True
[2025-04-29 08:34:58Z INFO CredentialManager] GetCredentialProvider
[2025-04-29 08:34:58Z INFO CredentialManager] Creating type OAuth
[2025-04-29 08:34:58Z INFO CredentialManager] Creating credential type: OAuth
[2025-04-29 08:34:58Z INFO RSAFileKeyManager] Loading RSA key parameters from file /Users/naheesu/Documents/KakaoCloudBootcamp/blue_green_deploy/actions-runner/.credentials_rsaparams
[2025-04-29 08:34:58Z INFO RSAFileKeyManager] Loading RSA key parameters from file /Users/naheesu/Documents/KakaoCloudBootcamp/blue_green_deploy/actions-runner/.credentials_rsaparams
[2025-04-29 08:34:58Z INFO RSAFileKeyManager] Loading RSA key parameters from file /Users/naheesu/Documents/KakaoCloudBootcamp/blue_green_deploy/actions-runner/.credentials_rsaparams
[2025-04-29 08:34:58Z INFO GitHubActionsService] AAD Correlation ID for this token request: Unknown
[2025-04-29 08:35:00Z INFO JobDispatcher] Job request 0 for plan 89eb8a57-9f43-4418-bc0a-605e6860fc01 job 7c598c20-0609-5268-86dd-ad3eaddbc41d received.
[2025-04-29 08:35:00Z INFO MessageListener] Received job status event. JobState: Busy
[2025-04-29 08:35:00Z INFO MessageListener] _getMessagesTokenSource is already disposed.
[2025-04-29 08:35:00Z INFO Terminal] WRITE LINE: 2025-04-29 08:35:00Z: Running job: switch-traffic
[2025-04-29 08:35:00Z INFO JobDispatcher] Start renew job request 0 for job 7c598c20-0609-5268-86dd-ad3eaddbc41d.
[2025-04-29 08:35:01Z INFO JobDispatcher] Successfully renew job 7c598c20-0609-5268-86dd-ad3eaddbc41d, job is valid till 2025. 4. 29. 오전 8:45:01
[2025-04-29 08:35:01Z INFO HostContext] Well known directory 'Bin': '/Users/naheesu/Documents/KakaoCloudBootcamp/blue_green_deploy/actions-runner/bin'
[2025-04-29 08:35:01Z INFO ProcessInvokerWrapper] Starting process:
[2025-04-29 08:35:01Z INFO ProcessInvokerWrapper]   File name: '/Users/naheesu/Documents/KakaoCloudBootcamp/blue_green_deploy/actions-runner/bin/Runner.Worker'
[2025-04-29 08:35:01Z INFO ProcessInvokerWrapper]   Arguments: 'spawnclient 150 153'
[2025-04-29 08:35:01Z INFO ProcessInvokerWrapper]   Working directory: '/Users/naheesu/Documents/KakaoCloudBootcamp/blue_green_deploy/actions-runner/bin'
[2025-04-29 08:35:01Z INFO ProcessInvokerWrapper]   Require exit code zero: 'False'
[2025-04-29 08:35:01Z INFO ProcessInvokerWrapper]   Encoding web name:  ; code page: ''
[2025-04-29 08:35:01Z INFO ProcessInvokerWrapper]   Force kill process on cancellation: 'True'
[2025-04-29 08:35:01Z INFO ProcessInvokerWrapper]   Redirected STDIN: 'False'
[2025-04-29 08:35:01Z INFO ProcessInvokerWrapper]   Persist current code page: 'False'
[2025-04-29 08:35:01Z INFO ProcessInvokerWrapper]   Keep redirected STDIN open: 'False'
[2025-04-29 08:35:01Z INFO ProcessInvokerWrapper]   High priority process: 'True'
[2025-04-29 08:35:01Z INFO ProcessInvokerWrapper] Process started with process id 64852, waiting for process exit.
[2025-04-29 08:35:01Z INFO JobDispatcher] Send job request message to worker for job 7c598c20-0609-5268-86dd-ad3eaddbc41d.
[2025-04-29 08:35:01Z INFO ProcessChannel] Sending message of length 18643, with hash 'fd53e0b2a1d47e58ef720ca495ed3fd3dab284b689fc112b73646cdd83a2d256'
[2025-04-29 08:35:01Z INFO JobNotification] Entering JobStarted Notification
[2025-04-29 08:35:01Z INFO JobNotification] Entering StartMonitor
[2025-04-29 08:35:23Z INFO ProcessInvokerWrapper] STDOUT/STDERR stream read finished.
[2025-04-29 08:35:23Z INFO ProcessInvokerWrapper] STDOUT/STDERR stream read finished.
[2025-04-29 08:35:23Z INFO ProcessInvokerWrapper] Finished process 64852 with exit code 100, and elapsed time 00:00:22.0792970.
[2025-04-29 08:35:23Z INFO JobDispatcher] Worker finished for job 7c598c20-0609-5268-86dd-ad3eaddbc41d. Code: 100
[2025-04-29 08:35:23Z INFO JobDispatcher] finish job request for job 7c598c20-0609-5268-86dd-ad3eaddbc41d with result: Succeeded
[2025-04-29 08:35:23Z INFO Terminal] WRITE LINE: 2025-04-29 08:35:23Z: Job switch-traffic completed with result: Succeeded
[2025-04-29 08:35:23Z INFO JobDispatcher] Stop renew job request for job 7c598c20-0609-5268-86dd-ad3eaddbc41d.
[2025-04-29 08:35:23Z INFO JobDispatcher] job renew has been cancelled, stop renew job 7c598c20-0609-5268-86dd-ad3eaddbc41d.
[2025-04-29 08:35:23Z INFO JobNotification] Entering JobCompleted Notification
[2025-04-29 08:35:23Z INFO JobNotification] Entering EndMonitor
[2025-04-29 08:35:23Z INFO MessageListener] Received job status event. JobState: Online
